#
# A fatal error has been detected by the Java Runtime Environment:
#
#  SIGSEGV (0xb) at pc=0x0000000102d03acc, pid=2937, tid=28675
#
# JRE version: OpenJDK Runtime Environment Zulu15.36+13-CA (15.0.5+3) (build 15.0.5+3-MTS)
# Java VM: OpenJDK 64-Bit Server VM Zulu15.36+13-CA (15.0.5+3-MTS, mixed mode, tiered, compressed oops, g1 gc, bsd-aarch64)
# Problematic frame:
# C  [python3.8+0x1bbacc]  collect+0x200
#
# No core dump will be written. Core dumps have been disabled. To enable core dumping, try "ulimit -c unlimited" before starting Java again
#
# If you would like to submit a bug report, please visit:
#   http://www.azul.com/support/
# The crash happened outside the Java Virtual Machine in native code.
# See problematic frame for where to report the bug.
#

---------------  S U M M A R Y ------------

Command Line: -Dfile.encoding=UTF8 -ea -Xmx1024m 

Host: MacBookPro18,1 arm64 1 MHz, 10 cores, 16G, Darwin 21.3.0
Time: Thu Mar  3 16:06:15 2022 KST elapsed time: 0.110185 seconds (0d 0h 0m 0s)

---------------  T H R E A D  ---------------

Current thread (0x0000000171986600):  JavaThread "Python Reference Queue" daemon [_thread_in_native, id=28675, stack(0x000000028ea50000,0x000000028ec53000)]

Stack: [0x000000028ea50000,0x000000028ec53000],  sp=0x000000028ec52780,  free space=2057k
Native frames: (J=compiled Java code, A=aot compiled Java code, j=interpreted, Vv=VM code, C=native code)
C  [python3.8+0x1bbacc]  collect+0x200
C  [python3.8+0x1bcf4c]  PyGC_Collect+0x9c
C  [_jpype.cpython-38-darwin.so+0x1cf6c]  JPGarbageCollection::triggered()+0x38
C  [_jpype.cpython-38-darwin.so+0x29598]  Java_org_jpype_ref_JPypeReferenceNative_wake+0x1c
j  org.jpype.ref.JPypeReferenceNative.wake()V+0
j  org.jpype.ref.JPypeReferenceQueue$Worker.run()V+42
j  java.lang.Thread.run()V+11 java.base@15.0.5
v  ~StubRoutines::call_stub
V  [libjvm.dylib+0x3e0588]  JavaCalls::call_helper(JavaValue*, methodHandle const&, JavaCallArguments*, Thread*)+0x324
V  [libjvm.dylib+0x3df660]  JavaCalls::call_virtual(JavaValue*, Klass*, Symbol*, Symbol*, JavaCallArguments*, Thread*)+0xf8
V  [libjvm.dylib+0x3df728]  JavaCalls::call_virtual(JavaValue*, Handle, Klass*, Symbol*, Symbol*, Thread*)+0x64
V  [libjvm.dylib+0x48e028]  thread_entry(JavaThread*, Thread*)+0xbc
V  [libjvm.dylib+0x8c39e0]  JavaThread::thread_main_inner()+0xa0
V  [libjvm.dylib+0x8c0edc]  Thread::call_run()+0x88
V  [libjvm.dylib+0x710ee4]  thread_native_entry(Thread*)+0x1d0
C  [libsystem_pthread.dylib+0x7240]  _pthread_start+0x94

Java frames: (J=compiled Java code, j=interpreted, Vv=VM code)
j  org.jpype.ref.JPypeReferenceNative.wake()V+0
j  org.jpype.ref.JPypeReferenceQueue$Worker.run()V+42
j  java.lang.Thread.run()V+11 java.base@15.0.5
v  ~StubRoutines::call_stub

siginfo: si_signo: 11 (SIGSEGV), si_code: 2 (SEGV_ACCERR), si_addr: 0x000000016b2bc738

Register to memory mapping:

 x0=0x0000000172dbd4e0 points into unknown readable memory: 0x0000000102e50db0 | b0 0d e5 02 01 00 00 00
 x1=0x000000028ec528d0 is pointing into the stack for thread: 0x0000000171986600
 x2=0x000000028ec528c8 is pointing into the stack for thread: 0x0000000171986600
 x3=0x0 is NULL
 x4=0x0000000000009403 is an unknown value
 x5=0x0 is NULL
 x6=0x0000000000000001 is an unknown value
 x7=0x00000000004c4b40 is an unknown value
 x8=