#
# A fatal error has been detected by the Java Runtime Environment:
#
#  SIGSEGV (0xb) at pc=0x00000001736c89dc, pid=36285, tid=41219
#
# JRE version: OpenJDK Runtime Environment Zulu15.36+13-CA (15.0.5+3) (build 15.0.5+3-MTS)
# Java VM: OpenJDK 64-Bit Server VM Zulu15.36+13-CA (15.0.5+3-MTS, mixed mode, tiered, compressed oops, g1 gc, bsd-aarch64)
# Problematic frame:
# V  [libjvm.dylib+0xe49dc]  GrowableArray<LIR_Op*>::append(LIR_Op* const&)+0xc4
#
# No core dump will be written. Core dumps have been disabled. To enable core dumping, try "ulimit -c unlimited" before starting Java again
#
# If you would like to submit a bug report, please visit:
#   http://www.azul.com/support/
#

---------------  S U M M A R Y ------------

Command Line: -Dfile.encoding=UTF8 -ea -Xmx1024m 

Host: MacBookPro18,1 arm64 1 MHz, 10 cores, 16G, Darwin 21.3.0
Time: Fri Mar 11 17:23:38 2022 KST elapsed time: 0.066564 seconds (0d 0h 0m 0s)

---------------  T H R E A D  ---------------

Current thread (0x0000000290808200):  JavaThread "C1 CompilerThread0" daemon [_thread_in_native, id=41219, stack(0x0000000290404000,0x0000000290607000)]


Current CompileTask:
C1:     66  158       3      