#
# A fatal error has been detected by the Java Runtime Environment:
#
#  SIGSEGV (0xb) at pc=0x0000000173b02cac, pid=6254, tid=39683
#
# JRE version: OpenJDK Runtime Environment Zulu15.36+13-CA (15.0.5+3) (build 15.0.5+3-MTS)
# Java VM: OpenJDK 64-Bit Server VM Zulu15.36+13-CA (15.0.5+3-MTS, mixed mode, tiered, compressed oops, g1 gc, bsd-aarch64)
# Problematic frame:
# V  [libjvm.dylib+0xcecac]  Arena::grow(unsigned long, AllocFailStrategy::AllocFailEnum)+0x40
#
# No core dump will be written. Core dumps have been disabled. To enable core dumping, try "ulimit -c unlimited" before starting Java again
#
# If you would like to submit a bug report, please visit:
#   http://www.azul.com/support/
#

---------------  S U M M A R Y ------------

Command Line: -Dfile.encoding=UTF8 -ea -Xmx1024m 

Host: MacBookPro18,1 arm64 1 MHz, 10 cores, 16G, Darwin 21.3.0
Time: Thu Feb 24 08:48:37 2022 KST elapsed time: 5.527367 seconds (0d 0h 0m 5s)

---------------  T H R E A D  ---------------

Current thread (0x000000013ba96c00):  JavaThread "C2 CompilerThread0" daemon [_thread_in_native, id=39683, stack(0x000000029044c000,0x000000029064f000)]


Current CompileTask:
C2:   5527 2222       4       scala.collection.immutable.HashSet$HashSet1::foreach (12 bytes)

Stack: [0x000000029044c000,0x000000029064f000],  sp=0x000000029064c1a0,  free space=2048k
Native frames: (J=compiled Java code, A=aot compiled Java code, j=interpreted, Vv=VM code, C=native code)
V  [libjvm.dylib+0xcecac]  Arena::grow(unsigned long, AllocFailStrategy::AllocFailEnum)+0x40
V  [libjvm.dylib+0x68ddd0]  Matcher::match_tree(Node const*)+0x70
V  [libjvm.dylib+0x68dbec]  Matcher::xform(Node*, int)+0x63c
V  [libjvm.dylib+0x68cad4]  Matcher::match()+0x78c
V  [libjvm.dylib+0x229fd4]  Compile::Code_Gen()+0x9c
V  [libjvm.dylib+0x227448]  Compile::Compile(ciEnv*, ciMethod*, int, bool, bool, bool, DirectiveSet*)+0xbfc
V  [libjvm.dylib+0x19eb3c]  C2Compiler::compile_method(ciEnv*, ciMethod*, int, DirectiveSet*)+0xc8
V  [libjvm.dylib+0x238ac8]  CompileBroker::invoke_compiler_on_method(CompileTask*)+0x50c
V  [libjvm.dylib+0x23852c]  CompileBroker::compiler_thread_loop()+0x448
V  [libjvm.dylib+0x8c39e0]  JavaThread::thread_main_inner()+0xa0
V  [libjvm.dylib+0x8c0edc]  Thread::call_run()+0x88
V  [libjvm.dylib+0x710ee4]  thread_native_entry(Thread*)+0x1d0
C  [libsystem_pthread.dylib+0x7240]  _pthread_start+0x94


siginfo: si_signo: 11 (SIGSEGV), si_code: 2 (SEGV_ACCERR), si_addr: 0x00000001696ff400

Register to memory mapping:

 x0=